2024-02-28 20:41:04,406 - pyswarms.single.global_best - INFO - Optimize for 1000 iters with {'c1': 0.5, 'c2': 0.3, 'w': 0.9}
2024-02-28 20:41:09,517 - pyswarms.single.global_best - INFO - Optimization finished | best cost: 0.04268761379020622, best pos: [-6.71253182e-02  2.08717559e+00  1.16270485e+00 -1.17756354e+00
  5.11788839e+00  1.53845328e+00  3.06747315e+00 -5.66104069e-01
  2.94399292e+00  3.85960816e+00  5.14178025e+00 -9.33041226e-01
  2.78781256e-01  9.99985515e-01  1.61183879e+00  1.07262481e+00
 -1.73654526e+00 -1.24872053e-01  1.28455734e+00  1.75941036e+00
 -1.59232099e+00  1.39578722e+01  1.56813631e+00 -2.58964167e+00
  1.43449662e+00  1.96534966e+00  2.00750089e+00 -1.17213810e-01
 -1.29050932e+00  2.78346757e+00  9.78889760e-01 -1.07141735e+00
  3.45410889e+00  1.90283885e+00  5.78017940e+00  8.90875895e+00
 -5.25636147e-01  7.74644905e+00 -6.64608657e-01  3.84545628e+00
  1.68751845e+00  7.02756669e+00  1.42757367e+00  6.66905742e-01
  1.87016938e+00  1.70415241e+00 -7.97143843e-01  7.02369888e-01
  3.31611548e+00  1.16481419e+00  2.56192027e+00  3.20056997e+00
  1.28435940e+00  2.66005540e-01  1.46653998e+00 -1.55887954e+00
  2.79013145e+00  3.98985524e+00  5.56331616e+00  3.42013182e+00
  1.06452175e+00 -5.95259891e+00  9.18280846e-01  1.87032802e-01
  8.69900412e+00  8.60063712e+00  1.15397617e+00  4.28066571e-01
  2.50805046e-01 -4.56626993e+00  2.00022855e-01  2.55483555e+00
 -1.80954271e-01  1.99612011e+00 -7.40155571e-02  4.14418982e+00
  6.25381814e+00  4.18148929e-01 -1.99947951e-01  4.09262736e+00
 -1.97102601e+00  2.13881331e+00  1.12557335e-01  3.65343018e-02
 -3.95513379e-01  1.72445641e+00  2.47936913e+00  3.89006164e+00
  1.40367847e+00 -3.12044341e-02 -1.28586686e-01 -9.71795112e+00
  2.18306876e+00 -1.09009411e-01  5.03286278e-02  5.59551342e-02
  6.69504607e-01  3.19027541e-01  2.47623519e+01  6.84597654e+00
 -8.45707783e+00  4.03312522e+00  2.60397008e+00  1.48478011e+00
  6.21303017e+00  2.32267278e+00  1.52999577e+00  2.96348846e+00
  3.38480398e+00 -1.36646137e-01  4.91393731e+00  2.13477665e+00
  2.38615954e+00  4.33963136e+00 -1.37765234e+01  3.42570487e+00
  1.09695307e+01  4.48306605e+00  3.04673098e+00  2.03321553e+00
 -1.12626521e+00  5.51744847e+00 -4.02582557e-01  6.02590331e+00
  5.51253269e+00  1.76501486e+00 -2.22327674e+00  2.11948614e+00
  3.55565544e+00 -1.82305243e+00  5.70433090e+00  1.72950383e+00
  4.30528223e+00 -2.33312641e-01 -1.89773182e+00  3.95053107e+01
  3.89084663e-01  1.22244547e+00  1.04040386e+00  1.36700648e+00
  1.19429747e+00 -5.51162109e-01  2.99594939e-03  1.65256212e+00
  7.24964471e+00  9.70883246e-01  3.10801160e+00 -8.74288567e-02
  1.84941725e-01  2.18270828e+00  6.99377209e-01 -1.12616057e-01
 -7.94586090e-01  1.34481588e+00  1.57713763e+00  5.48376337e+00
  3.24220393e+00 -8.96320233e-01  6.15967419e-01 -5.42913253e+00
  5.83784744e+00  2.20933794e+00  3.13364173e+00]
2024-02-29 15:40:58,860 - pyswarms.single.global_best - INFO - Optimize for 1000 iters with {'c1': 0.5, 'c2': 0.3, 'w': 0.9}
2024-02-29 15:41:32,817 - pyswarms.single.global_best - INFO - Optimization finished | best cost: 0.03580103815138138, best pos: [-1.23093404e+00  1.00237117e+00  5.46959533e-01  5.95486897e-02
 -1.50694080e+00  2.42082931e+00  6.61437508e-01  5.67554208e-01
  7.33271519e-02  2.13915333e-01  3.59133062e+00  1.51534697e-01
 -1.04445733e-01 -9.51518120e-01 -2.11702268e+00 -2.20159577e-02
  3.68717955e-01  8.43620870e-01 -4.39403731e-01 -1.63712292e+00
 -4.15784888e-02 -6.26905528e-01  3.75826312e-01  2.79654024e-01
  1.86645515e+00 -1.29942335e+00 -4.64689016e+00 -1.66962729e+00
 -1.15903823e+00 -3.65551465e+00  4.37361383e-01 -1.32854107e+00
 -8.93189911e-01  3.11048469e+00 -3.83902245e-01 -1.68581946e+00
  1.17702347e-01  1.75040759e-01 -1.39256861e+00  2.96207072e-01
  9.38959482e-02 -1.25247543e+00  4.20192393e-01  1.19944911e+00
 -4.52057838e-01 -2.05329390e+00  1.97483272e-02 -1.64109056e+00
 -4.33485740e-01  1.22162523e+00  3.59426485e+00  7.26344146e-01
 -1.18020344e+00 -9.09263582e-01 -4.60667004e-01  4.09099890e-01
 -2.81901841e+00  6.04044376e-01 -1.01114565e-01  6.47665480e-01
  6.75616328e-01 -1.31456159e+00 -1.17920053e-01 -6.13506945e-01
  7.27489271e-01 -3.52187288e+00 -1.41396602e+00 -2.68295087e+00
  1.36628716e-01  2.76989085e+00 -1.40536599e+00 -9.37032312e-01
  3.20959863e-02 -2.98519150e+00  1.01798182e+00  3.15347152e-01
 -1.85792975e+00  3.50124126e+00  3.65147711e-01  1.07218122e+00
 -1.44102491e+00  2.81606177e+00 -3.79083168e-01 -2.01008759e-01
 -1.66385072e+00 -7.31124172e-01  2.85822045e-01  5.35354143e-02
 -2.20376214e+00 -1.17018318e-01  3.12191050e-01 -9.59199517e-01
 -1.93744640e-01  4.74165859e+00 -3.33964489e+00  5.08768115e-01
 -1.02081188e+00  2.45956709e-01 -1.79322778e-01 -1.79799438e-01
 -3.41030480e-01 -9.18907785e-01  3.78245953e-01  1.58821338e+00
 -6.12768956e-01 -1.94156240e+01  1.45988130e-01  2.53392095e+00
 -3.46505861e+00  4.98286276e+00 -1.88684725e-01  1.26868695e-01
 -4.32575643e-01  1.73555883e+00  2.09752098e+00  4.30958177e+01
 -2.02276633e+00 -8.01329576e-02  6.33790292e-01 -1.59494945e-01
 -1.11259493e+00  1.01044333e-01 -7.31429300e+00 -2.69989646e-01
 -2.11349013e-01  2.99150474e-01 -2.59631612e-01  9.08416974e+00
 -1.29305126e+00  9.02499779e-02 -6.04346821e-01  5.98811413e-01
  1.21676066e+00  1.51576165e+00 -4.22293784e-01 -9.01082732e-03
 -1.09266238e+00 -2.45611968e-01  2.34411861e+00 -9.44434625e-01
  4.23239108e+00 -1.00856483e+01 -1.55084413e+00  1.74069983e-01
 -2.13745254e-01 -3.51606852e+00 -8.97837519e+00  1.13553487e+00
 -4.81502327e-01  2.01205347e+00 -1.32685338e+00  1.12887673e+00
 -2.57614721e+00  1.76911722e+00 -1.72088812e-01  1.14419881e+00
  5.03856700e-01 -1.52752178e+00 -7.42355963e+00  9.73093024e-01
  1.62586952e+00  1.05190073e+00 -1.00167280e+00]
